<?xml version="1.0" encoding="UTF-8"?>
<!-- Generated by org.testng.reporters.JUnitXMLReporter -->
<testsuite ignored="2" hostname="LAPTOP-GPD9JEVI" failures="0" tests="2" name="Test" time="4.983" errors="0" timestamp="2022-07-20T18:30:14 IST">
  <testcase classname="com.testCases.HomePageTest" name="signIn" time="0.395"/>
  <testcase classname="com.testCases.InventeryTest" name="addToCart" time="0.113"/>
  <testcase classname="com.testCases.BaseClass" name="@BeforeTest setup" time="0.0">
    <ignored/>
  </testcase> <!-- @BeforeTest setup -->
  <testcase classname="com.testCases.BaseClass" name="@AfterTest teardown" time="0.0">
    <ignored/>
  </testcase> <!-- @AfterTest teardown -->
</testsuite> <!-- Test -->
