<?xml version="1.0" encoding="UTF-8"?>
<testng-results ignored="2" total="4" passed="2" failed="0" skipped="0">
  <reporter-output>
  </reporter-output>
  <suite started-at="2022-07-20T18:30:09 IST" name="Suite" finished-at="2022-07-20T18:30:14 IST" duration-ms="4983">
    <groups>
    </groups>
    <test started-at="2022-07-20T18:30:09 IST" name="Test" finished-at="2022-07-20T18:30:14 IST" duration-ms="4983">
      <class name="com.testCases.InventeryTest">
        <test-method is-config="true" signature="start()[pri:0, instance:com.testCases.InventeryTest@1bb5a082]" started-at="2022-07-20T18:30:14 IST" name="start" finished-at="2022-07-20T18:30:14 IST" duration-ms="4" status="PASS">
          <reporter-output>
          </reporter-output>
        </test-method> <!-- start -->
        <test-method signature="addToCart()[pri:0, instance:com.testCases.InventeryTest@1bb5a082]" started-at="2022-07-20T18:30:14 IST" name="addToCart" finished-at="2022-07-20T18:30:14 IST" duration-ms="113" status="PASS">
          <reporter-output>
          </reporter-output>
        </test-method> <!-- addToCart -->
        <test-method is-config="true" signature="end()[pri:0, instance:com.testCases.InventeryTest@1bb5a082]" started-at="2022-07-20T18:30:14 IST" name="end" finished-at="2022-07-20T18:30:14 IST" duration-ms="49" status="PASS">
          <reporter-output>
          </reporter-output>
        </test-method> <!-- end -->
      </class> <!-- com.testCases.InventeryTest -->
      <class name="com.testCases.HomePageTest">
        <test-method is-config="true" signature="setup()[pri:0, instance:com.testCases.HomePageTest@76505305]" started-at="2022-07-20T18:30:09 IST" name="setup" finished-at="2022-07-20T18:30:13 IST" duration-ms="3593" status="PASS">
          <reporter-output>
          </reporter-output>
        </test-method> <!-- setup -->
        <test-method is-config="true" signature="start()[pri:0, instance:com.testCases.HomePageTest@76505305]" started-at="2022-07-20T18:30:13 IST" name="start" finished-at="2022-07-20T18:30:13 IST" duration-ms="115" status="PASS">
          <reporter-output>
          </reporter-output>
        </test-method> <!-- start -->
        <test-method signature="signIn()[pri:0, instance:com.testCases.HomePageTest@76505305]" started-at="2022-07-20T18:30:13 IST" name="signIn" finished-at="2022-07-20T18:30:13 IST" duration-ms="395" status="PASS">
          <reporter-output>
          </reporter-output>
        </test-method> <!-- signIn -->
        <test-method is-config="true" signature="end()[pri:0, instance:com.testCases.HomePageTest@76505305]" started-at="2022-07-20T18:30:13 IST" name="end" finished-at="2022-07-20T18:30:14 IST" duration-ms="418" status="PASS">
          <reporter-output>
          </reporter-output>
        </test-method> <!-- end -->
        <test-method is-config="true" signature="teardown()[pri:0, instance:com.testCases.HomePageTest@76505305]" started-at="2022-07-20T18:30:14 IST" name="teardown" finished-at="2022-07-20T18:30:14 IST" duration-ms="214" status="PASS">
          <reporter-output>
          </reporter-output>
        </test-method> <!-- teardown -->
      </class> <!-- com.testCases.HomePageTest -->
    </test> <!-- Test -->
  </suite> <!-- Suite -->
</testng-results>
